Connecting to database specified by database.yml
  [1m[36m (11.6ms)[0m  [1mSELECT "schema_migrations"."version" FROM "schema_migrations" [0m
Migrating to CreateMovies (20111119180638)
  [1m[35m (0.2ms)[0m  select sqlite_version(*)
  [1m[36m (0.3ms)[0m  [1mSELECT "schema_migrations"."version" FROM "schema_migrations" [0m
Connecting to database specified by database.yml
  [1m[36m (9.3ms)[0m  [1mSELECT "schema_migrations"."version" FROM "schema_migrations" [0m
  [1m[35m (0.4ms)[0m  select sqlite_version(*)
  [1m[36m (9.5ms)[0m  [1mCREATE TABLE "movies" ("id" INTEGER PRIMARY KEY AUTOINCREMENT NOT NULL, "title" varchar(255), "rating" varchar(255), "description" text, "release_date" datetime, "created_at" datetime, "updated_at" datetime) [0m
  [1m[35m (10.5ms)[0m  CREATE TABLE "schema_migrations" ("version" varchar(255) NOT NULL) 
  [1m[36m (18.9ms)[0m  [1mCREATE UNIQUE INDEX "unique_schema_migrations" ON "schema_migrations" ("version")[0m
  [1m[35m (0.2ms)[0m  SELECT version FROM "schema_migrations"
  [1m[36m (10.5ms)[0m  [1mINSERT INTO "schema_migrations" (version) VALUES ('20120130161449')[0m
  [1m[35m (7.6ms)[0m  INSERT INTO "schema_migrations" (version) VALUES ('20111119180638')
Connecting to database specified by database.yml
  [1m[36m (19.8ms)[0m  [1mSELECT "schema_migrations"."version" FROM "schema_migrations" [0m
  [1m[35m (0.4ms)[0m  select sqlite_version(*)
  [1m[36m (29.9ms)[0m  [1mCREATE TABLE "movies" ("id" INTEGER PRIMARY KEY AUTOINCREMENT NOT NULL, "title" varchar(255), "rating" varchar(255), "description" text, "release_date" datetime, "created_at" datetime, "updated_at" datetime) [0m
  [1m[35m (12.6ms)[0m  CREATE TABLE "schema_migrations" ("version" varchar(255) NOT NULL) 
  [1m[36m (12.4ms)[0m  [1mCREATE UNIQUE INDEX "unique_schema_migrations" ON "schema_migrations" ("version")[0m
  [1m[35m (0.2ms)[0m  SELECT version FROM "schema_migrations"
  [1m[36m (9.8ms)[0m  [1mINSERT INTO "schema_migrations" (version) VALUES ('20120130161449')[0m
  [1m[35m (7.7ms)[0m  INSERT INTO "schema_migrations" (version) VALUES ('20111119180638')
Connecting to database specified by database.yml
Connecting to database specified by database.yml
  [1m[36m (11.6ms)[0m  [1mSELECT "schema_migrations"."version" FROM "schema_migrations" [0m
Migrating to CreateMovies (20111119180638)
Migrating to AddDirectorField (20160331232429)
  [1m[35m (0.1ms)[0m  select sqlite_version(*)
  [1m[36m (0.1ms)[0m  [1mbegin transaction[0m
  [1m[35m (0.7ms)[0m  ALTER TABLE "movies" ADD "director" varchar(255)
  [1m[36m (0.2ms)[0m  [1mINSERT INTO "schema_migrations" ("version") VALUES ('20160331232429')[0m
  [1m[35m (15.7ms)[0m  commit transaction
  [1m[36m (0.2ms)[0m  [1mSELECT "schema_migrations"."version" FROM "schema_migrations" [0m
Connecting to database specified by database.yml
  [1m[36m (11.5ms)[0m  [1mSELECT "schema_migrations"."version" FROM "schema_migrations" [0m
Migrating to CreateMovies (20111119180638)
Migrating to AddDirectorField (20160331232429)
  [1m[35m (0.1ms)[0m  select sqlite_version(*)
  [1m[36m (0.3ms)[0m  [1mSELECT "schema_migrations"."version" FROM "schema_migrations" [0m
Connecting to database specified by database.yml
  [1m[36m (12.0ms)[0m  [1mSELECT "schema_migrations"."version" FROM "schema_migrations" [0m
  [1m[35m (0.5ms)[0m  select sqlite_version(*)
  [1m[36m (17.7ms)[0m  [1mCREATE TABLE "movies" ("id" INTEGER PRIMARY KEY AUTOINCREMENT NOT NULL, "title" varchar(255), "rating" varchar(255), "description" text, "release_date" datetime, "created_at" datetime, "updated_at" datetime, "director" varchar(255)) [0m
  [1m[35m (13.4ms)[0m  CREATE TABLE "schema_migrations" ("version" varchar(255) NOT NULL) 
  [1m[36m (11.8ms)[0m  [1mCREATE UNIQUE INDEX "unique_schema_migrations" ON "schema_migrations" ("version")[0m
  [1m[35m (0.2ms)[0m  SELECT version FROM "schema_migrations"
  [1m[36m (18.0ms)[0m  [1mINSERT INTO "schema_migrations" (version) VALUES ('20160331232429')[0m
  [1m[35m (11.2ms)[0m  INSERT INTO "schema_migrations" (version) VALUES ('20111119180638')
Connecting to database specified by database.yml
  [1m[36m (17.1ms)[0m  [1mSELECT "schema_migrations"."version" FROM "schema_migrations" [0m
  [1m[35m (0.6ms)[0m  select sqlite_version(*)
  [1m[36m (13.5ms)[0m  [1mCREATE TABLE "movies" ("id" INTEGER PRIMARY KEY AUTOINCREMENT NOT NULL, "title" varchar(255), "rating" varchar(255), "description" text, "release_date" datetime, "created_at" datetime, "updated_at" datetime, "director" varchar(255)) [0m
  [1m[35m (10.7ms)[0m  CREATE TABLE "schema_migrations" ("version" varchar(255) NOT NULL) 
  [1m[36m (11.5ms)[0m  [1mCREATE UNIQUE INDEX "unique_schema_migrations" ON "schema_migrations" ("version")[0m
  [1m[35m (0.1ms)[0m  SELECT version FROM "schema_migrations"
  [1m[36m (14.4ms)[0m  [1mINSERT INTO "schema_migrations" (version) VALUES ('20160331232429')[0m
  [1m[35m (9.9ms)[0m  INSERT INTO "schema_migrations" (version) VALUES ('20111119180638')
Connecting to database specified by database.yml
  [1m[36m (15.3ms)[0m  [1mSELECT "schema_migrations"."version" FROM "schema_migrations" [0m
  [1m[35m (0.4ms)[0m  select sqlite_version(*)
  [1m[36m (13.6ms)[0m  [1mCREATE TABLE "movies" ("id" INTEGER PRIMARY KEY AUTOINCREMENT NOT NULL, "title" varchar(255), "rating" varchar(255), "description" text, "release_date" datetime, "created_at" datetime, "updated_at" datetime, "director" varchar(255)) [0m
  [1m[35m (7.7ms)[0m  CREATE TABLE "schema_migrations" ("version" varchar(255) NOT NULL) 
  [1m[36m (11.0ms)[0m  [1mCREATE UNIQUE INDEX "unique_schema_migrations" ON "schema_migrations" ("version")[0m
  [1m[35m (0.2ms)[0m  SELECT version FROM "schema_migrations"
  [1m[36m (11.5ms)[0m  [1mINSERT INTO "schema_migrations" (version) VALUES ('20160331232429')[0m
  [1m[35m (9.7ms)[0m  INSERT INTO "schema_migrations" (version) VALUES ('20111119180638')
